[2025-02-26 15:40:13] local.ERROR: App\Notifications\Team\NewTeamNotification has been attempted too many times. {"exception":"[object] (Illuminate\\Queue\\MaxAttemptsExceededException(code: 0): App\\Notifications\\Team\\NewTeamNotification has been attempted too many times. at C:\\Users\\USER\\OneDrive\\سطح المكتب\\Team_Project_Management_System_API_Task_6\\vendor\\laravel\\framework\\src\\Illuminate\\Queue\\MaxAttemptsExceededException.php:24)
[stacktrace]
#0 C:\\Users\\USER\\OneDrive\\سطح المكتب\\Team_Project_Management_System_API_Task_6\\vendor\\laravel\\framework\\src\\Illuminate\\Queue\\Worker.php(785): Illuminate\\Queue\\MaxAttemptsExceededException::forJob(Object(Illuminate\\Queue\\Jobs\\DatabaseJob))
#1 C:\\Users\\USER\\OneDrive\\سطح المكتب\\Team_Project_Management_System_API_Task_6\\vendor\\laravel\\framework\\src\\Illuminate\\Queue\\Worker.php(519): Illuminate\\Queue\\Worker->maxAttemptsExceededException(Object(Illuminate\\Queue\\Jobs\\DatabaseJob))
#2 C:\\Users\\USER\\OneDrive\\سطح المكتب\\Team_Project_Management_System_API_Task_6\\vendor\\laravel\\framework\\src\\Illuminate\\Queue\\Worker.php(428): Illuminate\\Queue\\Worker->markJobAsFailedIfAlreadyExceedsMaxAttempts('database', Object(Illuminate\\Queue\\Jobs\\DatabaseJob), 1)
#3 C:\\Users\\USER\\OneDrive\\سطح المكتب\\Team_Project_Management_System_API_Task_6\\vendor\\laravel\\framework\\src\\Illuminate\\Queue\\Worker.php(389): Illuminate\\Queue\\Worker->process('database', Object(Illuminate\\Queue\\Jobs\\DatabaseJob), Object(Illuminate\\Queue\\WorkerOptions))
#4 C:\\Users\\USER\\OneDrive\\سطح المكتب\\Team_Project_Management_System_API_Task_6\\vendor\\laravel\\framework\\src\\Illuminate\\Queue\\Worker.php(176): Illuminate\\Queue\\Worker->runJob(Object(Illuminate\\Queue\\Jobs\\DatabaseJob), 'database', Object(Illuminate\\Queue\\WorkerOptions))
#5 C:\\Users\\USER\\OneDrive\\سطح المكتب\\Team_Project_Management_System_API_Task_6\\vendor\\laravel\\framework\\src\\Illuminate\\Queue\\Console\\WorkCommand.php(137): Illuminate\\Queue\\Worker->daemon('database', 'default', Object(Illuminate\\Queue\\WorkerOptions))
#6 C:\\Users\\USER\\OneDrive\\سطح المكتب\\Team_Project_Management_System_API_Task_6\\vendor\\laravel\\framework\\src\\Illuminate\\Queue\\Console\\WorkCommand.php(120): Illuminate\\Queue\\Console\\WorkCommand->runWorker('database', 'default')
#7 C:\\Users\\USER\\OneDrive\\سطح المكتب\\Team_Project_Management_System_API_Task_6\\vendor\\laravel\\framework\\src\\Illuminate\\Container\\BoundMethod.php(36): Illuminate\\Queue\\Console\\WorkCommand->handle()
#8 C:\\Users\\USER\\OneDrive\\سطح المكتب\\Team_Project_Management_System_API_Task_6\\vendor\\laravel\\framework\\src\\Illuminate\\Container\\Util.php(41): Illuminate\\Container\\BoundMethod::Illuminate\\Container\\{closure}()
#9 C:\\Users\\USER\\OneDrive\\سطح المكتب\\Team_Project_Management_System_API_Task_6\\vendor\\laravel\\framework\\src\\Illuminate\\Container\\BoundMethod.php(93): Illuminate\\Container\\Util::unwrapIfClosure(Object(Closure))
#10 C:\\Users\\USER\\OneDrive\\سطح المكتب\\Team_Project_Management_System_API_Task_6\\vendor\\laravel\\framework\\src\\Illuminate\\Container\\BoundMethod.php(35): Illuminate\\Container\\BoundMethod::callBoundMethod(Object(Illuminate\\Foundation\\Application), Array, Object(Closure))
#11 C:\\Users\\USER\\OneDrive\\سطح المكتب\\Team_Project_Management_System_API_Task_6\\vendor\\laravel\\framework\\src\\Illuminate\\Container\\Container.php(662): Illuminate\\Container\\BoundMethod::call(Object(Illuminate\\Foundation\\Application), Array, Array, NULL)
#12 C:\\Users\\USER\\OneDrive\\سطح المكتب\\Team_Project_Management_System_API_Task_6\\vendor\\laravel\\framework\\src\\Illuminate\\Console\\Command.php(211): Illuminate\\Container\\Container->call(Array)
#13 C:\\Users\\USER\\OneDrive\\سطح المكتب\\Team_Project_Management_System_API_Task_6\\vendor\\symfony\\console\\Command\\Command.php(326): Illuminate\\Console\\Command->execute(Object(Symfony\\Component\\Console\\Input\\ArgvInput), Object(Illuminate\\Console\\OutputStyle))
#14 C:\\Users\\USER\\OneDrive\\سطح المكتب\\Team_Project_Management_System_API_Task_6\\vendor\\laravel\\framework\\src\\Illuminate\\Console\\Command.php(180): Symfony\\Component\\Console\\Command\\Command->run(Object(Symfony\\Component\\Console\\Input\\ArgvInput), Object(Illuminate\\Console\\OutputStyle))
#15 C:\\Users\\USER\\OneDrive\\سطح المكتب\\Team_Project_Management_System_API_Task_6\\vendor\\symfony\\console\\Application.php(1096): Illuminate\\Console\\Command->run(Object(Symfony\\Component\\Console\\Input\\ArgvInput), Object(Symfony\\Component\\Console\\Output\\ConsoleOutput))
#16 C:\\Users\\USER\\OneDrive\\سطح المكتب\\Team_Project_Management_System_API_Task_6\\vendor\\symfony\\console\\Application.php(324): Symfony\\Component\\Console\\Application->doRunCommand(Object(Illuminate\\Queue\\Console\\WorkCommand), Object(Symfony\\Component\\Console\\Input\\ArgvInput), Object(Symfony\\Component\\Console\\Output\\ConsoleOutput))
#17 C:\\Users\\USER\\OneDrive\\سطح المكتب\\Team_Project_Management_System_API_Task_6\\vendor\\symfony\\console\\Application.php(175): Symfony\\Component\\Console\\Application->doRun(Object(Symfony\\Component\\Console\\Input\\ArgvInput), Object(Symfony\\Component\\Console\\Output\\ConsoleOutput))
#18 C:\\Users\\USER\\OneDrive\\سطح المكتب\\Team_Project_Management_System_API_Task_6\\vendor\\laravel\\framework\\src\\Illuminate\\Foundation\\Console\\Kernel.php(201): Symfony\\Component\\Console\\Application->run(Object(Symfony\\Component\\Console\\Input\\ArgvInput), Object(Symfony\\Component\\Console\\Output\\ConsoleOutput))
#19 C:\\Users\\USER\\OneDrive\\سطح المكتب\\Team_Project_Management_System_API_Task_6\\artisan(35): Illuminate\\Foundation\\Console\\Kernel->handle(Object(Symfony\\Component\\Console\\Input\\ArgvInput), Object(Symfony\\Component\\Console\\Output\\ConsoleOutput))
#20 {main}
"} 
[2025-02-26 15:42:52] local.ERROR: App\Notifications\Team\NewTeamNotification has been attempted too many times. {"exception":"[object] (Illuminate\\Queue\\MaxAttemptsExceededException(code: 0): App\\Notifications\\Team\\NewTeamNotification has been attempted too many times. at C:\\Users\\USER\\OneDrive\\سطح المكتب\\Team_Project_Management_System_API_Task_6\\vendor\\laravel\\framework\\src\\Illuminate\\Queue\\MaxAttemptsExceededException.php:24)
[stacktrace]
#0 C:\\Users\\USER\\OneDrive\\سطح المكتب\\Team_Project_Management_System_API_Task_6\\vendor\\laravel\\framework\\src\\Illuminate\\Queue\\Worker.php(785): Illuminate\\Queue\\MaxAttemptsExceededException::forJob(Object(Illuminate\\Queue\\Jobs\\DatabaseJob))
#1 C:\\Users\\USER\\OneDrive\\سطح المكتب\\Team_Project_Management_System_API_Task_6\\vendor\\laravel\\framework\\src\\Illuminate\\Queue\\Worker.php(519): Illuminate\\Queue\\Worker->maxAttemptsExceededException(Object(Illuminate\\Queue\\Jobs\\DatabaseJob))
#2 C:\\Users\\USER\\OneDrive\\سطح المكتب\\Team_Project_Management_System_API_Task_6\\vendor\\laravel\\framework\\src\\Illuminate\\Queue\\Worker.php(428): Illuminate\\Queue\\Worker->markJobAsFailedIfAlreadyExceedsMaxAttempts('database', Object(Illuminate\\Queue\\Jobs\\DatabaseJob), 1)
#3 C:\\Users\\USER\\OneDrive\\سطح المكتب\\Team_Project_Management_System_API_Task_6\\vendor\\laravel\\framework\\src\\Illuminate\\Queue\\Worker.php(389): Illuminate\\Queue\\Worker->process('database', Object(Illuminate\\Queue\\Jobs\\DatabaseJob), Object(Illuminate\\Queue\\WorkerOptions))
#4 C:\\Users\\USER\\OneDrive\\سطح المكتب\\Team_Project_Management_System_API_Task_6\\vendor\\laravel\\framework\\src\\Illuminate\\Queue\\Worker.php(176): Illuminate\\Queue\\Worker->runJob(Object(Illuminate\\Queue\\Jobs\\DatabaseJob), 'database', Object(Illuminate\\Queue\\WorkerOptions))
#5 C:\\Users\\USER\\OneDrive\\سطح المكتب\\Team_Project_Management_System_API_Task_6\\vendor\\laravel\\framework\\src\\Illuminate\\Queue\\Console\\WorkCommand.php(137): Illuminate\\Queue\\Worker->daemon('database', 'default', Object(Illuminate\\Queue\\WorkerOptions))
#6 C:\\Users\\USER\\OneDrive\\سطح المكتب\\Team_Project_Management_System_API_Task_6\\vendor\\laravel\\framework\\src\\Illuminate\\Queue\\Console\\WorkCommand.php(120): Illuminate\\Queue\\Console\\WorkCommand->runWorker('database', 'default')
#7 C:\\Users\\USER\\OneDrive\\سطح المكتب\\Team_Project_Management_System_API_Task_6\\vendor\\laravel\\framework\\src\\Illuminate\\Container\\BoundMethod.php(36): Illuminate\\Queue\\Console\\WorkCommand->handle()
#8 C:\\Users\\USER\\OneDrive\\سطح المكتب\\Team_Project_Management_System_API_Task_6\\vendor\\laravel\\framework\\src\\Illuminate\\Container\\Util.php(41): Illuminate\\Container\\BoundMethod::Illuminate\\Container\\{closure}()
#9 C:\\Users\\USER\\OneDrive\\سطح المكتب\\Team_Project_Management_System_API_Task_6\\vendor\\laravel\\framework\\src\\Illuminate\\Container\\BoundMethod.php(93): Illuminate\\Container\\Util::unwrapIfClosure(Object(Closure))
#10 C:\\Users\\USER\\OneDrive\\سطح المكتب\\Team_Project_Management_System_API_Task_6\\vendor\\laravel\\framework\\src\\Illuminate\\Container\\BoundMethod.php(35): Illuminate\\Container\\BoundMethod::callBoundMethod(Object(Illuminate\\Foundation\\Application), Array, Object(Closure))
#11 C:\\Users\\USER\\OneDrive\\سطح المكتب\\Team_Project_Management_System_API_Task_6\\vendor\\laravel\\framework\\src\\Illuminate\\Container\\Container.php(662): Illuminate\\Container\\BoundMethod::call(Object(Illuminate\\Foundation\\Application), Array, Array, NULL)
#12 C:\\Users\\USER\\OneDrive\\سطح المكتب\\Team_Project_Management_System_API_Task_6\\vendor\\laravel\\framework\\src\\Illuminate\\Console\\Command.php(211): Illuminate\\Container\\Container->call(Array)
#13 C:\\Users\\USER\\OneDrive\\سطح المكتب\\Team_Project_Management_System_API_Task_6\\vendor\\symfony\\console\\Command\\Command.php(326): Illuminate\\Console\\Command->execute(Object(Symfony\\Component\\Console\\Input\\ArgvInput), Object(Illuminate\\Console\\OutputStyle))
#14 C:\\Users\\USER\\OneDrive\\سطح المكتب\\Team_Project_Management_System_API_Task_6\\vendor\\laravel\\framework\\src\\Illuminate\\Console\\Command.php(180): Symfony\\Component\\Console\\Command\\Command->run(Object(Symfony\\Component\\Console\\Input\\ArgvInput), Object(Illuminate\\Console\\OutputStyle))
#15 C:\\Users\\USER\\OneDrive\\سطح المكتب\\Team_Project_Management_System_API_Task_6\\vendor\\symfony\\console\\Application.php(1096): Illuminate\\Console\\Command->run(Object(Symfony\\Component\\Console\\Input\\ArgvInput), Object(Symfony\\Component\\Console\\Output\\ConsoleOutput))
#16 C:\\Users\\USER\\OneDrive\\سطح المكتب\\Team_Project_Management_System_API_Task_6\\vendor\\symfony\\console\\Application.php(324): Symfony\\Component\\Console\\Application->doRunCommand(Object(Illuminate\\Queue\\Console\\WorkCommand), Object(Symfony\\Component\\Console\\Input\\ArgvInput), Object(Symfony\\Component\\Console\\Output\\ConsoleOutput))
#17 C:\\Users\\USER\\OneDrive\\سطح المكتب\\Team_Project_Management_System_API_Task_6\\vendor\\symfony\\console\\Application.php(175): Symfony\\Component\\Console\\Application->doRun(Object(Symfony\\Component\\Console\\Input\\ArgvInput), Object(Symfony\\Component\\Console\\Output\\ConsoleOutput))
#18 C:\\Users\\USER\\OneDrive\\سطح المكتب\\Team_Project_Management_System_API_Task_6\\vendor\\laravel\\framework\\src\\Illuminate\\Foundation\\Console\\Kernel.php(201): Symfony\\Component\\Console\\Application->run(Object(Symfony\\Component\\Console\\Input\\ArgvInput), Object(Symfony\\Component\\Console\\Output\\ConsoleOutput))
#19 C:\\Users\\USER\\OneDrive\\سطح المكتب\\Team_Project_Management_System_API_Task_6\\artisan(35): Illuminate\\Foundation\\Console\\Kernel->handle(Object(Symfony\\Component\\Console\\Input\\ArgvInput), Object(Symfony\\Component\\Console\\Output\\ConsoleOutput))
#20 {main}
"} 
[2025-02-26 15:42:56] local.ERROR: App\Notifications\Team\NewTeamNotification has been attempted too many times. {"exception":"[object] (Illuminate\\Queue\\MaxAttemptsExceededException(code: 0): App\\Notifications\\Team\\NewTeamNotification has been attempted too many times. at C:\\Users\\USER\\OneDrive\\سطح المكتب\\Team_Project_Management_System_API_Task_6\\vendor\\laravel\\framework\\src\\Illuminate\\Queue\\MaxAttemptsExceededException.php:24)
[stacktrace]
#0 C:\\Users\\USER\\OneDrive\\سطح المكتب\\Team_Project_Management_System_API_Task_6\\vendor\\laravel\\framework\\src\\Illuminate\\Queue\\Worker.php(785): Illuminate\\Queue\\MaxAttemptsExceededException::forJob(Object(Illuminate\\Queue\\Jobs\\DatabaseJob))
#1 C:\\Users\\USER\\OneDrive\\سطح المكتب\\Team_Project_Management_System_API_Task_6\\vendor\\laravel\\framework\\src\\Illuminate\\Queue\\Worker.php(519): Illuminate\\Queue\\Worker->maxAttemptsExceededException(Object(Illuminate\\Queue\\Jobs\\DatabaseJob))
#2 C:\\Users\\USER\\OneDrive\\سطح المكتب\\Team_Project_Management_System_API_Task_6\\vendor\\laravel\\framework\\src\\Illuminate\\Queue\\Worker.php(428): Illuminate\\Queue\\Worker->markJobAsFailedIfAlreadyExceedsMaxAttempts('database', Object(Illuminate\\Queue\\Jobs\\DatabaseJob), 1)
#3 C:\\Users\\USER\\OneDrive\\سطح المكتب\\Team_Project_Management_System_API_Task_6\\vendor\\laravel\\framework\\src\\Illuminate\\Queue\\Worker.php(389): Illuminate\\Queue\\Worker->process('database', Object(Illuminate\\Queue\\Jobs\\DatabaseJob), Object(Illuminate\\Queue\\WorkerOptions))
#4 C:\\Users\\USER\\OneDrive\\سطح المكتب\\Team_Project_Management_System_API_Task_6\\vendor\\laravel\\framework\\src\\Illuminate\\Queue\\Worker.php(176): Illuminate\\Queue\\Worker->runJob(Object(Illuminate\\Queue\\Jobs\\DatabaseJob), 'database', Object(Illuminate\\Queue\\WorkerOptions))
#5 C:\\Users\\USER\\OneDrive\\سطح المكتب\\Team_Project_Management_System_API_Task_6\\vendor\\laravel\\framework\\src\\Illuminate\\Queue\\Console\\WorkCommand.php(137): Illuminate\\Queue\\Worker->daemon('database', 'default', Object(Illuminate\\Queue\\WorkerOptions))
#6 C:\\Users\\USER\\OneDrive\\سطح المكتب\\Team_Project_Management_System_API_Task_6\\vendor\\laravel\\framework\\src\\Illuminate\\Queue\\Console\\WorkCommand.php(120): Illuminate\\Queue\\Console\\WorkCommand->runWorker('database', 'default')
#7 C:\\Users\\USER\\OneDrive\\سطح المكتب\\Team_Project_Management_System_API_Task_6\\vendor\\laravel\\framework\\src\\Illuminate\\Container\\BoundMethod.php(36): Illuminate\\Queue\\Console\\WorkCommand->handle()
#8 C:\\Users\\USER\\OneDrive\\سطح المكتب\\Team_Project_Management_System_API_Task_6\\vendor\\laravel\\framework\\src\\Illuminate\\Container\\Util.php(41): Illuminate\\Container\\BoundMethod::Illuminate\\Container\\{closure}()
#9 C:\\Users\\USER\\OneDrive\\سطح المكتب\\Team_Project_Management_System_API_Task_6\\vendor\\laravel\\framework\\src\\Illuminate\\Container\\BoundMethod.php(93): Illuminate\\Container\\Util::unwrapIfClosure(Object(Closure))
#10 C:\\Users\\USER\\OneDrive\\سطح المكتب\\Team_Project_Management_System_API_Task_6\\vendor\\laravel\\framework\\src\\Illuminate\\Container\\BoundMethod.php(35): Illuminate\\Container\\BoundMethod::callBoundMethod(Object(Illuminate\\Foundation\\Application), Array, Object(Closure))
#11 C:\\Users\\USER\\OneDrive\\سطح المكتب\\Team_Project_Management_System_API_Task_6\\vendor\\laravel\\framework\\src\\Illuminate\\Container\\Container.php(662): Illuminate\\Container\\BoundMethod::call(Object(Illuminate\\Foundation\\Application), Array, Array, NULL)
#12 C:\\Users\\USER\\OneDrive\\سطح المكتب\\Team_Project_Management_System_API_Task_6\\vendor\\laravel\\framework\\src\\Illuminate\\Console\\Command.php(211): Illuminate\\Container\\Container->call(Array)
#13 C:\\Users\\USER\\OneDrive\\سطح المكتب\\Team_Project_Management_System_API_Task_6\\vendor\\symfony\\console\\Command\\Command.php(326): Illuminate\\Console\\Command->execute(Object(Symfony\\Component\\Console\\Input\\ArgvInput), Object(Illuminate\\Console\\OutputStyle))
#14 C:\\Users\\USER\\OneDrive\\سطح المكتب\\Team_Project_Management_System_API_Task_6\\vendor\\laravel\\framework\\src\\Illuminate\\Console\\Command.php(180): Symfony\\Component\\Console\\Command\\Command->run(Object(Symfony\\Component\\Console\\Input\\ArgvInput), Object(Illuminate\\Console\\OutputStyle))
#15 C:\\Users\\USER\\OneDrive\\سطح المكتب\\Team_Project_Management_System_API_Task_6\\vendor\\symfony\\console\\Application.php(1096): Illuminate\\Console\\Command->run(Object(Symfony\\Component\\Console\\Input\\ArgvInput), Object(Symfony\\Component\\Console\\Output\\ConsoleOutput))
#16 C:\\Users\\USER\\OneDrive\\سطح المكتب\\Team_Project_Management_System_API_Task_6\\vendor\\symfony\\console\\Application.php(324): Symfony\\Component\\Console\\Application->doRunCommand(Object(Illuminate\\Queue\\Console\\WorkCommand), Object(Symfony\\Component\\Console\\Input\\ArgvInput), Object(Symfony\\Component\\Console\\Output\\ConsoleOutput))
#17 C:\\Users\\USER\\OneDrive\\سطح المكتب\\Team_Project_Management_System_API_Task_6\\vendor\\symfony\\console\\Application.php(175): Symfony\\Component\\Console\\Application->doRun(Object(Symfony\\Component\\Console\\Input\\ArgvInput), Object(Symfony\\Component\\Console\\Output\\ConsoleOutput))
#18 C:\\Users\\USER\\OneDrive\\سطح المكتب\\Team_Project_Management_System_API_Task_6\\vendor\\laravel\\framework\\src\\Illuminate\\Foundation\\Console\\Kernel.php(201): Symfony\\Component\\Console\\Application->run(Object(Symfony\\Component\\Console\\Input\\ArgvInput), Object(Symfony\\Component\\Console\\Output\\ConsoleOutput))
#19 C:\\Users\\USER\\OneDrive\\سطح المكتب\\Team_Project_Management_System_API_Task_6\\artisan(35): Illuminate\\Foundation\\Console\\Kernel->handle(Object(Symfony\\Component\\Console\\Input\\ArgvInput), Object(Symfony\\Component\\Console\\Output\\ConsoleOutput))
#20 {main}
"} 
[2025-02-26 16:19:49] local.ERROR: Error while updating team: No query results for model [App\Models\User] 2  
[2025-02-26 16:20:45] local.ERROR: Error while updating team: No query results for model [App\Models\User] 2  
[2025-02-26 16:21:04] local.ERROR: Error while updating team: No query results for model [App\Models\User] 2  
[2025-02-26 16:21:57] local.ERROR: Error while updating team: No query results for model [App\Models\User] 3  
[2025-02-26 16:22:09] local.ERROR: Error while updating team: No query results for model [App\Models\User] 4  
[2025-02-26 16:23:53] local.ERROR: Error while updating team: No query results for model [App\Models\User] 3  
